<?xml version="1.0" encoding="UTF-8"?>
<!-- Generated by org.testng.reporters.JUnitReportReporter -->
<testsuite hostname="Gitanjalee" failures="0" tests="1" name="Assignment.Successful_Login" time="4.195" errors="0" timestamp="2024-09-11T14:59:35 IST" skipped="0">
  <testcase classname="Assignment.Successful_Login" name="test" time="4.195"/>
  <system-out/>
</testsuite> <!-- Assignment.Successful_Login -->
